Flow report for PipelineUniProcessor
Wed Dec 02 22:19:23 2009
Quartus II Version 9.0 Build 132 02/25/2009 SJ Full Version


---------------------
; Table of Contents ;
---------------------
  1. Legal Notice
  2. Flow Summary
  3. Flow Settings
  4. Flow Non-Default Global Settings
  5. Flow Elapsed Time
  6. Flow OS Summary
  7. Flow Log



----------------
; Legal Notice ;
----------------
Copyright (C) 1991-2009 Altera Corporation
Your use of Altera Corporation's design tools, logic functions 
and other software and tools, and its AMPP partner logic 
functions, and any output files from any of the foregoing 
(including device programming or simulation files), and any 
associated documentation or information are expressly subject 
to the terms and conditions of the Altera Program License 
Subscription Agreement, Altera MegaCore Function License 
Agreement, or other applicable license agreement, including, 
without limitation, that your use is for the sole purpose of 
programming logic devices manufactured by Altera and sold by 
Altera or its authorized distributors.  Please refer to the 
applicable agreement for further details.



+--------------------------------------------------------------------------+
; Flow Summary                                                             ;
+-------------------------------+------------------------------------------+
; Flow Status                   ; Successful - Wed Dec 02 22:19:23 2009    ;
; Quartus II Version            ; 9.0 Build 132 02/25/2009 SJ Full Version ;
; Revision Name                 ; PipelineUniProcessor                     ;
; Top-level Entity Name         ; MotherBoard                              ;
; Family                        ; Stratix II                               ;
; Met timing requirements       ; Yes                                      ;
; Logic utilization             ; 17 %                                     ;
;     Combinational ALUTs       ; 1,404 / 12,480 ( 11 % )                  ;
;     Dedicated logic registers ; 1,300 / 12,480 ( 10 % )                  ;
; Total registers               ; 1300                                     ;
; Total pins                    ; 204 / 343 ( 59 % )                       ;
; Total virtual pins            ; 0                                        ;
; Total block memory bits       ; 65,536 / 419,328 ( 16 % )                ;
; DSP block 9-bit elements      ; 0 / 96 ( 0 % )                           ;
; Total PLLs                    ; 0 / 6 ( 0 % )                            ;
; Total DLLs                    ; 0 / 2 ( 0 % )                            ;
; Device                        ; EP2S15F484C3                             ;
; Timing Models                 ; Final                                    ;
+-------------------------------+------------------------------------------+


+------------------------------------------+
; Flow Settings                            ;
+-------------------+----------------------+
; Option            ; Setting              ;
+-------------------+----------------------+
; Start date & time ; 12/02/2009 22:16:45  ;
; Main task         ; Compilation          ;
; Revision Name     ; PipelineUniProcessor ;
+-------------------+----------------------+


+-------------------------------------------------------------------------------------------------------------------------------------------------------+
; Flow Non-Default Global Settings                                                                                                                      ;
+------------------------------------+----------------------------------------------+------------------------------+-------------+----------------------+
; Assignment Name                    ; Value                                        ; Default Value                ; Entity Name ; Section Id           ;
+------------------------------------+----------------------------------------------+------------------------------+-------------+----------------------+
; COMPILER_SIGNATURE_ID              ; 81638347583.125976340505876                  ; --                           ; --          ; --                   ;
; EDA_DESIGN_ENTRY_SYNTHESIS_TOOL    ; Design Compiler                              ; <None>                       ; --          ; --                   ;
; EDA_INPUT_DATA_FORMAT              ; Verilog Hdl                                  ; --                           ; --          ; eda_design_synthesis ;
; EDA_INPUT_VCC_NAME                 ; Vdd                                          ; --                           ; --          ; eda_design_synthesis ;
; EDA_LMF_FILE                       ; altsyn.lmf                                   ; --                           ; --          ; eda_design_synthesis ;
; EDA_OUTPUT_DATA_FORMAT             ; Vhdl                                         ; --                           ; --          ; eda_simulation       ;
; EDA_OUTPUT_DATA_FORMAT             ; Verilog Hdl                                  ; --                           ; --          ; eda_timing_analysis  ;
; EDA_SIMULATION_TOOL                ; ModelSim-Altera (VHDL)                       ; <None>                       ; --          ; --                   ;
; EDA_TIMING_ANALYSIS_TOOL           ; PrimeTime (Verilog)                          ; <None>                       ; --          ; --                   ;
; FITTER_EFFORT                      ; Standard Fit                                 ; Auto Fit                     ; --          ; --                   ;
; INCREMENTAL_COMPILATION            ; Off                                          ; FULL_INCREMENTAL_COMPILATION ; --          ; --                   ;
; IP_TOOL_NAME                       ; LPM_RAM_DP                                   ; --                           ; --          ; --                   ;
; IP_TOOL_NAME                       ; LPM_RAM_DQ                                   ; --                           ; --          ; --                   ;
; IP_TOOL_NAME                       ; LPM_COMPARE                                  ; --                           ; --          ; --                   ;
; IP_TOOL_NAME                       ; LPM_AND                                      ; --                           ; --          ; --                   ;
; IP_TOOL_NAME                       ; LPM_OR                                       ; --                           ; --          ; --                   ;
; IP_TOOL_NAME                       ; LPM_ADD_SUB                                  ; --                           ; --          ; --                   ;
; IP_TOOL_NAME                       ; LPM_CLSHIFT                                  ; --                           ; --          ; --                   ;
; IP_TOOL_NAME                       ; LPM_CLSHIFT                                  ; --                           ; --          ; --                   ;
; IP_TOOL_NAME                       ; LPM_ROM                                      ; --                           ; --          ; --                   ;
; IP_TOOL_VERSION                    ; 9.0                                          ; --                           ; --          ; --                   ;
; IP_TOOL_VERSION                    ; 9.0                                          ; --                           ; --          ; --                   ;
; IP_TOOL_VERSION                    ; 9.0                                          ; --                           ; --          ; --                   ;
; IP_TOOL_VERSION                    ; 9.0                                          ; --                           ; --          ; --                   ;
; IP_TOOL_VERSION                    ; 9.0                                          ; --                           ; --          ; --                   ;
; IP_TOOL_VERSION                    ; 9.0                                          ; --                           ; --          ; --                   ;
; IP_TOOL_VERSION                    ; 9.0                                          ; --                           ; --          ; --                   ;
; IP_TOOL_VERSION                    ; 9.0                                          ; --                           ; --          ; --                   ;
; IP_TOOL_VERSION                    ; 9.0                                          ; --                           ; --          ; --                   ;
; MISC_FILE                          ; ../MotherBoard/lpm_ram_dp1.bsf               ; --                           ; --          ; --                   ;
; MISC_FILE                          ; ../MotherBoard/lpm_ram_dp1.cmp               ; --                           ; --          ; --                   ;
; MISC_FILE                          ; ../MotherBoard/DataRAM.bsf                   ; --                           ; --          ; --                   ;
; MISC_FILE                          ; ../MotherBoard/DataRAM.cmp                   ; --                           ; --          ; --                   ;
; MISC_FILE                          ; Comp32.tdf                                   ; --                           ; --          ; --                   ;
; MISC_FILE                          ; Comp32.bsf                                   ; --                           ; --          ; --                   ;
; MISC_FILE                          ; Comp32.cmp                                   ; --                           ; --          ; --                   ;
; MISC_FILE                          ; ../Modules/gates/lpm_and32bit.bsf            ; --                           ; --          ; --                   ;
; MISC_FILE                          ; ../Modules/gates/lpm_and32bit.cmp            ; --                           ; --          ; --                   ;
; MISC_FILE                          ; ../Modules/gates/lpm_or32bit.bsf             ; --                           ; --          ; --                   ;
; MISC_FILE                          ; ../Modules/gates/lpm_or32bit.cmp             ; --                           ; --          ; --                   ;
; MISC_FILE                          ; ../Modules/add/lpm_add_sub32BIT.bsf          ; --                           ; --          ; --                   ;
; MISC_FILE                          ; ../Modules/add/lpm_add_sub32BIT.cmp          ; --                           ; --          ; --                   ;
; MISC_FILE                          ; ../Modules/gates/lpm_clLogicalshift32bit.bsf ; --                           ; --          ; --                   ;
; MISC_FILE                          ; ../Modules/gates/lpm_clLogicalshift32bit.cmp ; --                           ; --          ; --                   ;
; MISC_FILE                          ; ../Modules/gates/lpm_clArithshift32bit.bsf   ; --                           ; --          ; --                   ;
; MISC_FILE                          ; ../Modules/gates/lpm_clArithshift32bit.cmp   ; --                           ; --          ; --                   ;
; MISC_FILE                          ; ../MotherBoard/InstROM1.bsf                  ; --                           ; --          ; --                   ;
; MISC_FILE                          ; ../MotherBoard/InstROM1.cmp                  ; --                           ; --          ; --                   ;
; TOP_LEVEL_ENTITY                   ; MotherBoard                                  ; PipelineUniProcessor         ; --          ; --                   ;
; USE_GENERATED_PHYSICAL_CONSTRAINTS ; Off                                          ; --                           ; --          ; eda_blast_fpga       ;
+------------------------------------+----------------------------------------------+------------------------------+-------------+----------------------+


+-----------------------------------------------------------------------------------------------------------------------------+
; Flow Elapsed Time                                                                                                           ;
+-------------------------+--------------+-------------------------+---------------------+------------------------------------+
; Module Name             ; Elapsed Time ; Average Processors Used ; Peak Virtual Memory ; Total CPU Time (on all processors) ;
+-------------------------+--------------+-------------------------+---------------------+------------------------------------+
; Analysis & Synthesis    ; 00:01:12     ; 1.0                     ; 214 MB              ; 00:01:09                           ;
; Fitter                  ; 00:00:57     ; 1.6                     ; 242 MB              ; 00:01:04                           ;
; Assembler               ; 00:00:10     ; 1.0                     ; 194 MB              ; 00:00:09                           ;
; Classic Timing Analyzer ; 00:00:03     ; 1.0                     ; 142 MB              ; 00:00:02                           ;
; EDA Netlist Writer      ; 00:00:07     ; 1.0                     ; 144 MB              ; 00:00:07                           ;
; Total                   ; 00:02:29     ; --                      ; --                  ; 00:02:31                           ;
+-------------------------+--------------+-------------------------+---------------------+------------------------------------+


+---------------------------------------------------------------------------------------+
; Flow OS Summary                                                                       ;
+-------------------------+------------------+------------+------------+----------------+
; Module Name             ; Machine Hostname ; OS Name    ; OS Version ; Processor type ;
+-------------------------+------------------+------------+------------+----------------+
; Analysis & Synthesis    ; founder-bb7e454  ; Windows XP ; 5.1        ; i686           ;
; Fitter                  ; founder-bb7e454  ; Windows XP ; 5.1        ; i686           ;
; Assembler               ; founder-bb7e454  ; Windows XP ; 5.1        ; i686           ;
; Classic Timing Analyzer ; founder-bb7e454  ; Windows XP ; 5.1        ; i686           ;
; EDA Netlist Writer      ; founder-bb7e454  ; Windows XP ; 5.1        ; i686           ;
+-------------------------+------------------+------------+------------+----------------+


------------
; Flow Log ;
------------
quartus_map --read_settings_files=on --write_settings_files=off PipelineUniProcessor -c PipelineUniProcessor
quartus_fit --read_settings_files=off --write_settings_files=off PipelineUniProcessor -c PipelineUniProcessor
quartus_asm --read_settings_files=off --write_settings_files=off PipelineUniProcessor -c PipelineUniProcessor
quartus_tan --read_settings_files=off --write_settings_files=off PipelineUniProcessor -c PipelineUniProcessor --timing_analysis_only
quartus_eda --read_settings_files=off --write_settings_files=off PipelineUniProcessor -c PipelineUniProcessor



