EDA Netlist Writer report for PipelineUniProcessor
Mon Nov 23 16:08:38 2009
Quartus II Version 9.0 Build 132 02/25/2009 SJ Full Version


---------------------
; Table of Contents ;
---------------------
  1. Legal Notice
  2. EDA Netlist Writer Summary
  3. Simulation Settings
  4. Simulation Generated Files
  5. Timing Analysis Settings
  6. Timing Analysis Generated Files
  7. EDA Netlist Writer Messages



----------------
; Legal Notice ;
----------------
Copyright (C) 1991-2009 Altera Corporation
Your use of Altera Corporation's design tools, logic functions 
and other software and tools, and its AMPP partner logic 
functions, and any output files from any of the foregoing 
(including device programming or simulation files), and any 
associated documentation or information are expressly subject 
to the terms and conditions of the Altera Program License 
Subscription Agreement, Altera MegaCore Function License 
Agreement, or other applicable license agreement, including, 
without limitation, that your use is for the sole purpose of 
programming logic devices manufactured by Altera and sold by 
Altera or its authorized distributors.  Please refer to the 
applicable agreement for further details.



+------------------------------------------------------------------------+
; EDA Netlist Writer Summary                                             ;
+--------------------------------+---------------------------------------+
; EDA Netlist Writer Status      ; Successful - Mon Nov 23 16:08:38 2009 ;
; Revision Name                  ; PipelineUniProcessor                  ;
; Top-level Entity Name          ; InstMem                               ;
; Family                         ; Stratix III                           ;
; Simulation Files Creation      ; Successful                            ;
; Timing Analysis Files Creation ; Successful                            ;
+--------------------------------+---------------------------------------+


+----------------------------------------------------------------------------------------------------------------------------+
; Simulation Settings                                                                                                        ;
+---------------------------------------------------------------------------------------------------+------------------------+
; Option                                                                                            ; Setting                ;
+---------------------------------------------------------------------------------------------------+------------------------+
; Tool Name                                                                                         ; ModelSim-Altera (VHDL) ;
; Generate netlist for functional simulation only                                                   ; Off                    ;
; Time scale                                                                                        ; 1 ps                   ;
; Truncate long hierarchy paths                                                                     ; Off                    ;
; Map illegal HDL characters                                                                        ; Off                    ;
; Flatten buses into individual nodes                                                               ; Off                    ;
; Maintain hierarchy                                                                                ; Off                    ;
; Bring out device-wide set/reset signals as ports                                                  ; Off                    ;
; Enable glitch filtering                                                                           ; Off                    ;
; Do not write top level VHDL entity                                                                ; Off                    ;
; Disable detection of setup and hold time violations in the input registers of bi-directional pins ; Off                    ;
; Architecture name in VHDL output netlist                                                          ; structure              ;
; Generate third-party EDA tool command script for RTL functional simulation                        ; Off                    ;
; Generate third-party EDA tool command script for gate-level simulation                            ; Off                    ;
+---------------------------------------------------------------------------------------------------+------------------------+


+---------------------------------------------------------------------------------------------------------------------------------------------------------+
; Simulation Generated Files                                                                                                                              ;
+---------------------------------------------------------------------------------------------------------------------------------------------------------+
; Generated Files                                                                                                                                         ;
+---------------------------------------------------------------------------------------------------------------------------------------------------------+
; F:/WorkSpace/Workspace/MasterLife/TERM 1/Architecture/mips-cpu/PipelineUniProcessor/simulation/modelsim/PipelineUniProcessor_2_1100mv_85c_slow.vho      ;
; F:/WorkSpace/Workspace/MasterLife/TERM 1/Architecture/mips-cpu/PipelineUniProcessor/simulation/modelsim/PipelineUniProcessor_2_1100mv_0c_slow.vho       ;
; F:/WorkSpace/Workspace/MasterLife/TERM 1/Architecture/mips-cpu/PipelineUniProcessor/simulation/modelsim/PipelineUniProcessor_min_1100mv_0c_fast.vho     ;
; F:/WorkSpace/Workspace/MasterLife/TERM 1/Architecture/mips-cpu/PipelineUniProcessor/simulation/modelsim/PipelineUniProcessor.vho                        ;
; F:/WorkSpace/Workspace/MasterLife/TERM 1/Architecture/mips-cpu/PipelineUniProcessor/simulation/modelsim/PipelineUniProcessor_2_1100mv_85c_vhd_slow.sdo  ;
; F:/WorkSpace/Workspace/MasterLife/TERM 1/Architecture/mips-cpu/PipelineUniProcessor/simulation/modelsim/PipelineUniProcessor_2_1100mv_0c_vhd_slow.sdo   ;
; F:/WorkSpace/Workspace/MasterLife/TERM 1/Architecture/mips-cpu/PipelineUniProcessor/simulation/modelsim/PipelineUniProcessor_min_1100mv_0c_vhd_fast.sdo ;
; F:/WorkSpace/Workspace/MasterLife/TERM 1/Architecture/mips-cpu/PipelineUniProcessor/simulation/modelsim/PipelineUniProcessor_vhd.sdo                    ;
+---------------------------------------------------------------------------------------------------------------------------------------------------------+


+-----------------------------------------------------------+
; Timing Analysis Settings                                  ;
+-------------------------------------+---------------------+
; Option                              ; Setting             ;
+-------------------------------------+---------------------+
; Tool Name                           ; PrimeTime (Verilog) ;
; Time scale                          ; 1 ps                ;
; Truncate long hierarchy paths       ; Off                 ;
; Map illegal HDL characters          ; Off                 ;
; Flatten buses into individual nodes ; Off                 ;
+-------------------------------------+---------------------+


+----------------------------------------------------------------------------------------------------------------------------------------------------+
; Timing Analysis Generated Files                                                                                                                    ;
+----------------------------------------------------------------------------------------------------------------------------------------------------+
; Generated Files                                                                                                                                    ;
+----------------------------------------------------------------------------------------------------------------------------------------------------+
; F:/WorkSpace/Workspace/MasterLife/TERM 1/Architecture/mips-cpu/PipelineUniProcessor/timing/primetime/PipelineUniProcessor.vo                       ;
; F:/WorkSpace/Workspace/MasterLife/TERM 1/Architecture/mips-cpu/PipelineUniProcessor/timing/primetime/PipelineUniProcessor_2_1100mv_85c_v_slow.sdo  ;
; F:/WorkSpace/Workspace/MasterLife/TERM 1/Architecture/mips-cpu/PipelineUniProcessor/timing/primetime/PipelineUniProcessor_2_1100mv_0c_v_slow.sdo   ;
; F:/WorkSpace/Workspace/MasterLife/TERM 1/Architecture/mips-cpu/PipelineUniProcessor/timing/primetime/PipelineUniProcessor_min_1100mv_0c_v_fast.sdo ;
; F:/WorkSpace/Workspace/MasterLife/TERM 1/Architecture/mips-cpu/PipelineUniProcessor/timing/primetime/PipelineUniProcessor_v.sdo                    ;
+----------------------------------------------------------------------------------------------------------------------------------------------------+


+-----------------------------+
; EDA Netlist Writer Messages ;
+-----------------------------+
Info: *******************************************************************
Info: Running Quartus II EDA Netlist Writer
    Info: Version 9.0 Build 132 02/25/2009 SJ Full Version
    Info: Processing started: Mon Nov 23 16:08:33 2009
Info: Command: quartus_eda --read_settings_files=off --write_settings_files=off PipelineUniProcessor -c PipelineUniProcessor
Info: Generated file PipelineUniProcessor_2_1100mv_85c_slow.vho in folder "F:/WorkSpace/Workspace/MasterLife/TERM 1/Architecture/mips-cpu/PipelineUniProcessor/simulation/modelsim/" for EDA simulation tool
Info: Generated file PipelineUniProcessor_2_1100mv_0c_slow.vho in folder "F:/WorkSpace/Workspace/MasterLife/TERM 1/Architecture/mips-cpu/PipelineUniProcessor/simulation/modelsim/" for EDA simulation tool
Info: Generated file PipelineUniProcessor_min_1100mv_0c_fast.vho in folder "F:/WorkSpace/Workspace/MasterLife/TERM 1/Architecture/mips-cpu/PipelineUniProcessor/simulation/modelsim/" for EDA simulation tool
Info: Generated file PipelineUniProcessor.vho in folder "F:/WorkSpace/Workspace/MasterLife/TERM 1/Architecture/mips-cpu/PipelineUniProcessor/simulation/modelsim/" for EDA simulation tool
Info: Generated file PipelineUniProcessor_2_1100mv_85c_vhd_slow.sdo in folder "F:/WorkSpace/Workspace/MasterLife/TERM 1/Architecture/mips-cpu/PipelineUniProcessor/simulation/modelsim/" for EDA simulation tool
Info: Generated file PipelineUniProcessor_2_1100mv_0c_vhd_slow.sdo in folder "F:/WorkSpace/Workspace/MasterLife/TERM 1/Architecture/mips-cpu/PipelineUniProcessor/simulation/modelsim/" for EDA simulation tool
Info: Generated file PipelineUniProcessor_min_1100mv_0c_vhd_fast.sdo in folder "F:/WorkSpace/Workspace/MasterLife/TERM 1/Architecture/mips-cpu/PipelineUniProcessor/simulation/modelsim/" for EDA simulation tool
Info: Generated file PipelineUniProcessor_vhd.sdo in folder "F:/WorkSpace/Workspace/MasterLife/TERM 1/Architecture/mips-cpu/PipelineUniProcessor/simulation/modelsim/" for EDA simulation tool
Info: Generated file PipelineUniProcessor.vo in folder "F:/WorkSpace/Workspace/MasterLife/TERM 1/Architecture/mips-cpu/PipelineUniProcessor/timing/primetime/" for EDA timing analysis tool
Info: Generated file PipelineUniProcessor_2_1100mv_85c_v_slow.sdo in folder "F:/WorkSpace/Workspace/MasterLife/TERM 1/Architecture/mips-cpu/PipelineUniProcessor/timing/primetime/" for EDA timing analysis tool
Info: Generated file PipelineUniProcessor_2_1100mv_0c_v_slow.sdo in folder "F:/WorkSpace/Workspace/MasterLife/TERM 1/Architecture/mips-cpu/PipelineUniProcessor/timing/primetime/" for EDA timing analysis tool
Info: Generated file PipelineUniProcessor_min_1100mv_0c_v_fast.sdo in folder "F:/WorkSpace/Workspace/MasterLife/TERM 1/Architecture/mips-cpu/PipelineUniProcessor/timing/primetime/" for EDA timing analysis tool
Info: Generated file PipelineUniProcessor_v.sdo in folder "F:/WorkSpace/Workspace/MasterLife/TERM 1/Architecture/mips-cpu/PipelineUniProcessor/timing/primetime/" for EDA timing analysis tool
Info: ------------------------------------------------------------
Info: eda_pt_script.tcl version: #1
Info: eda_pt_generate.tcl version: #1
Info: eda_pt_conversion.tcl version: #1
Info: ------------------------------------------------------------
Info: --------------------------------------------------------
Info: Generated F:/WorkSpace/Workspace/MasterLife/TERM 1/Architecture/mips-cpu/PipelineUniProcessor/timing/primetime/PipelineUniProcessor.collections.sdc
Info: --------------------------------------------------------
Info: --------------------------------------------------------
Info: Generated F:/WorkSpace/Workspace/MasterLife/TERM 1/Architecture/mips-cpu/PipelineUniProcessor/timing/primetime/PipelineUniProcessor.pt.tcl
Info: --------------------------------------------------------
Info: Quartus II EDA Netlist Writer was successful. 0 errors, 0 warnings
    Info: Peak virtual memory: 150 megabytes
    Info: Processing ended: Mon Nov 23 16:08:38 2009
    Info: Elapsed time: 00:00:05
    Info: Total CPU time (on all processors): 00:00:04


